0 info it worked if it ends with ok
1 verbose cli [ '/usr/local/bin/node',
1 verbose cli   '/usr/local/bin/npm',
1 verbose cli   'install',
1 verbose cli   'material-ui/DatePicker',
1 verbose cli   '--save' ]
2 info using npm@4.1.2
3 info using node@v7.5.0
4 silly loadCurrentTree Starting
5 silly install loadCurrentTree
6 silly install readLocalPackageData
7 silly fetchPackageMetaData material-ui/DatePicker
8 silly fetchOtherPackageData material-ui/DatePicker
9 silly cache add args [ 'material-ui/DatePicker', null ]
10 verbose cache add spec material-ui/DatePicker
11 silly cache add parsed spec Result {
11 silly cache add   raw: 'material-ui/DatePicker',
11 silly cache add   scope: null,
11 silly cache add   escapedName: null,
11 silly cache add   name: null,
11 silly cache add   rawSpec: 'material-ui/DatePicker',
11 silly cache add   spec: 'github:material-ui/DatePicker',
11 silly cache add   type: 'hosted',
11 silly cache add   hosted:
11 silly cache add    { type: 'github',
11 silly cache add      ssh: 'git@github.com:material-ui/DatePicker.git',
11 silly cache add      sshUrl: 'git+ssh://git@github.com/material-ui/DatePicker.git',
11 silly cache add      httpsUrl: 'git+https://github.com/material-ui/DatePicker.git',
11 silly cache add      gitUrl: 'git://github.com/material-ui/DatePicker.git',
11 silly cache add      shortcut: 'github:material-ui/DatePicker',
11 silly cache add      directUrl: 'https://raw.githubusercontent.com/material-ui/DatePicker/master/package.json' } }
12 verbose addRemoteGit caching material-ui/DatePicker
13 verbose addRemoteGit material-ui/DatePicker is a repository hosted by github
14 silly tryGitProto attempting to clone git://github.com/material-ui/DatePicker.git
15 silly tryClone cloning material-ui/DatePicker via git://github.com/material-ui/DatePicker.git
16 verbose tryClone git-github-com-material-ui-DatePicker-git-6775976e not in flight; caching
17 verbose correctMkdir /Users/Saybut/.npm/_git-remotes correctMkdir not in flight; initializing
18 verbose makeDirectory /Users/Saybut/.npm/_git-remotes creation not in flight; initializing
19 silly makeDirectory /Users/Saybut/.npm/_git-remotes uid: 501 gid: 20
20 info git [ 'clone',
20 info git   '--template=/Users/Saybut/.npm/_git-remotes/_templates',
20 info git   '--mirror',
20 info git   'git://github.com/material-ui/DatePicker.git',
20 info git   '/Users/Saybut/.npm/_git-remotes/git-github-com-material-ui-DatePicker-git-6775976e' ]
21 verbose git clone --template=/Users/Saybut/.npm/_git-remotes/_templates --mirror git://github.com/material-ui/DatePicker.git /Users/Saybut/.npm/_git-remotes/git-github-com-material-ui-DatePicker-git-6775976e: Cloning into bare repository '/Users/Saybut/.npm/_git-remotes/git-github-com-material-ui-DatePicker-git-6775976e'...
21 verbose git clone --template=/Users/Saybut/.npm/_git-remotes/_templates --mirror git://github.com/material-ui/DatePicker.git /Users/Saybut/.npm/_git-remotes/git-github-com-material-ui-DatePicker-git-6775976e: fatal: unable to connect to github.com:
21 verbose git clone --template=/Users/Saybut/.npm/_git-remotes/_templates --mirror git://github.com/material-ui/DatePicker.git /Users/Saybut/.npm/_git-remotes/git-github-com-material-ui-DatePicker-git-6775976e: github.com[0: 192.30.253.112]: errno=Operation timed out
21 verbose git clone --template=/Users/Saybut/.npm/_git-remotes/_templates --mirror git://github.com/material-ui/DatePicker.git /Users/Saybut/.npm/_git-remotes/git-github-com-material-ui-DatePicker-git-6775976e: github.com[1: 192.30.253.113]: errno=Operation timed out
22 silly tryHTTPS attempting to clone git+https://github.com/material-ui/DatePicker.git
23 silly tryClone cloning material-ui/DatePicker via git+https://github.com/material-ui/DatePicker.git
24 verbose tryClone git-https-github-com-material-ui-DatePicker-git-afb57070 not in flight; caching
25 verbose correctMkdir /Users/Saybut/.npm/_git-remotes correctMkdir not in flight; initializing
26 info git [ 'clone',
26 info git   '--template=/Users/Saybut/.npm/_git-remotes/_templates',
26 info git   '--mirror',
26 info git   'https://github.com/material-ui/DatePicker.git',
26 info git   '/Users/Saybut/.npm/_git-remotes/git-https-github-com-material-ui-DatePicker-git-afb57070' ]
27 verbose git clone --template=/Users/Saybut/.npm/_git-remotes/_templates --mirror https://github.com/material-ui/DatePicker.git /Users/Saybut/.npm/_git-remotes/git-https-github-com-material-ui-DatePicker-git-afb57070: Cloning into bare repository '/Users/Saybut/.npm/_git-remotes/git-https-github-com-material-ui-DatePicker-git-afb57070'...
27 verbose git clone --template=/Users/Saybut/.npm/_git-remotes/_templates --mirror https://github.com/material-ui/DatePicker.git /Users/Saybut/.npm/_git-remotes/git-https-github-com-material-ui-DatePicker-git-afb57070: remote: Repository not found.
27 verbose git clone --template=/Users/Saybut/.npm/_git-remotes/_templates --mirror https://github.com/material-ui/DatePicker.git /Users/Saybut/.npm/_git-remotes/git-https-github-com-material-ui-DatePicker-git-afb57070: fatal: repository 'https://github.com/material-ui/DatePicker.git/' not found
28 silly trySSH attempting to clone git@github.com:material-ui/DatePicker.git
29 silly tryClone cloning material-ui/DatePicker via git@github.com:material-ui/DatePicker.git
30 verbose tryClone git-github-com-material-ui-DatePicker-git-cbbe5f31 not in flight; caching
31 verbose correctMkdir /Users/Saybut/.npm/_git-remotes correctMkdir not in flight; initializing
32 info git [ 'clone',
32 info git   '--template=/Users/Saybut/.npm/_git-remotes/_templates',
32 info git   '--mirror',
32 info git   'git@github.com:material-ui/DatePicker.git',
32 info git   '/Users/Saybut/.npm/_git-remotes/git-github-com-material-ui-DatePicker-git-cbbe5f31' ]
33 error git clone --template=/Users/Saybut/.npm/_git-remotes/_templates --mirror git@github.com:material-ui/DatePicker.git /Users/Saybut/.npm/_git-remotes/git-github-com-material-ui-DatePicker-git-cbbe5f31: Cloning into bare repository '/Users/Saybut/.npm/_git-remotes/git-github-com-material-ui-DatePicker-git-cbbe5f31'...
33 error git clone --template=/Users/Saybut/.npm/_git-remotes/_templates --mirror git@github.com:material-ui/DatePicker.git /Users/Saybut/.npm/_git-remotes/git-github-com-material-ui-DatePicker-git-cbbe5f31: Permission denied (publickey).
33 error git clone --template=/Users/Saybut/.npm/_git-remotes/_templates --mirror git@github.com:material-ui/DatePicker.git /Users/Saybut/.npm/_git-remotes/git-github-com-material-ui-DatePicker-git-cbbe5f31: fatal: Could not read from remote repository.
33 error git clone --template=/Users/Saybut/.npm/_git-remotes/_templates --mirror git@github.com:material-ui/DatePicker.git /Users/Saybut/.npm/_git-remotes/git-github-com-material-ui-DatePicker-git-cbbe5f31:
33 error git clone --template=/Users/Saybut/.npm/_git-remotes/_templates --mirror git@github.com:material-ui/DatePicker.git /Users/Saybut/.npm/_git-remotes/git-github-com-material-ui-DatePicker-git-cbbe5f31: Please make sure you have the correct access rights
33 error git clone --template=/Users/Saybut/.npm/_git-remotes/_templates --mirror git@github.com:material-ui/DatePicker.git /Users/Saybut/.npm/_git-remotes/git-github-com-material-ui-DatePicker-git-cbbe5f31: and the repository exists.
34 silly fetchPackageMetaData Error: Command failed: git clone --template=/Users/Saybut/.npm/_git-remotes/_templates --mirror git@github.com:material-ui/DatePicker.git /Users/Saybut/.npm/_git-remotes/git-github-com-material-ui-DatePicker-git-cbbe5f31
34 silly fetchPackageMetaData Cloning into bare repository '/Users/Saybut/.npm/_git-remotes/git-github-com-material-ui-DatePicker-git-cbbe5f31'...
34 silly fetchPackageMetaData Permission denied (publickey).
34 silly fetchPackageMetaData fatal: Could not read from remote repository.
34 silly fetchPackageMetaData
34 silly fetchPackageMetaData Please make sure you have the correct access rights
34 silly fetchPackageMetaData and the repository exists.
34 silly fetchPackageMetaData
34 silly fetchPackageMetaData     at ChildProcess.exithandler (child_process.js:211:12)
34 silly fetchPackageMetaData     at emitTwo (events.js:106:13)
34 silly fetchPackageMetaData     at ChildProcess.emit (events.js:192:7)
34 silly fetchPackageMetaData     at maybeClose (internal/child_process.js:890:16)
34 silly fetchPackageMetaData     at Socket.<anonymous> (internal/child_process.js:334:11)
34 silly fetchPackageMetaData     at emitOne (events.js:96:13)
34 silly fetchPackageMetaData     at Socket.emit (events.js:189:7)
34 silly fetchPackageMetaData     at Pipe._handle.close [as _onclose] (net.js:501:12)
34 silly fetchPackageMetaData  error for material-ui/DatePicker { Error: Command failed: git clone --template=/Users/Saybut/.npm/_git-remotes/_templates --mirror git@github.com:material-ui/DatePicker.git /Users/Saybut/.npm/_git-remotes/git-github-com-material-ui-DatePicker-git-cbbe5f31
34 silly fetchPackageMetaData Cloning into bare repository '/Users/Saybut/.npm/_git-remotes/git-github-com-material-ui-DatePicker-git-cbbe5f31'...
34 silly fetchPackageMetaData Permission denied (publickey).
34 silly fetchPackageMetaData fatal: Could not read from remote repository.
34 silly fetchPackageMetaData
34 silly fetchPackageMetaData Please make sure you have the correct access rights
34 silly fetchPackageMetaData and the repository exists.
34 silly fetchPackageMetaData
34 silly fetchPackageMetaData     at ChildProcess.exithandler (child_process.js:211:12)
34 silly fetchPackageMetaData     at emitTwo (events.js:106:13)
34 silly fetchPackageMetaData     at ChildProcess.emit (events.js:192:7)
34 silly fetchPackageMetaData     at maybeClose (internal/child_process.js:890:16)
34 silly fetchPackageMetaData     at Socket.<anonymous> (internal/child_process.js:334:11)
34 silly fetchPackageMetaData     at emitOne (events.js:96:13)
34 silly fetchPackageMetaData     at Socket.emit (events.js:189:7)
34 silly fetchPackageMetaData     at Pipe._handle.close [as _onclose] (net.js:501:12)
34 silly fetchPackageMetaData   killed: false,
34 silly fetchPackageMetaData   code: 128,
34 silly fetchPackageMetaData   signal: null,
34 silly fetchPackageMetaData   cmd: 'git clone --template=/Users/Saybut/.npm/_git-remotes/_templates --mirror git@github.com:material-ui/DatePicker.git /Users/Saybut/.npm/_git-remotes/git-github-com-material-ui-DatePicker-git-cbbe5f31' }
35 silly rollbackFailedOptional Starting
36 silly rollbackFailedOptional Finishing
37 silly runTopLevelLifecycles Finishing
38 silly install printInstalled
39 verbose stack Error: Command failed: git clone --template=/Users/Saybut/.npm/_git-remotes/_templates --mirror git@github.com:material-ui/DatePicker.git /Users/Saybut/.npm/_git-remotes/git-github-com-material-ui-DatePicker-git-cbbe5f31
39 verbose stack Cloning into bare repository '/Users/Saybut/.npm/_git-remotes/git-github-com-material-ui-DatePicker-git-cbbe5f31'...
39 verbose stack Permission denied (publickey).
39 verbose stack fatal: Could not read from remote repository.
39 verbose stack
39 verbose stack Please make sure you have the correct access rights
39 verbose stack and the repository exists.
39 verbose stack
39 verbose stack     at ChildProcess.exithandler (child_process.js:211:12)
39 verbose stack     at emitTwo (events.js:106:13)
39 verbose stack     at ChildProcess.emit (events.js:192:7)
39 verbose stack     at maybeClose (internal/child_process.js:890:16)
39 verbose stack     at Socket.<anonymous> (internal/child_process.js:334:11)
39 verbose stack     at emitOne (events.js:96:13)
39 verbose stack     at Socket.emit (events.js:189:7)
39 verbose stack     at Pipe._handle.close [as _onclose] (net.js:501:12)
40 verbose cwd /Users/Saybut/Documents/progging/H17/Webutvikling/prosjekt3/it2810-webutvikling-h17-prosjekt-3-gruppe30
41 error Darwin 13.4.0
42 error argv "/usr/local/bin/node" "/usr/local/bin/npm" "install" "material-ui/DatePicker" "--save"
43 error node v7.5.0
44 error npm  v4.1.2
45 error code 128
46 error Command failed: git clone --template=/Users/Saybut/.npm/_git-remotes/_templates --mirror git@github.com:material-ui/DatePicker.git /Users/Saybut/.npm/_git-remotes/git-github-com-material-ui-DatePicker-git-cbbe5f31
46 error Cloning into bare repository '/Users/Saybut/.npm/_git-remotes/git-github-com-material-ui-DatePicker-git-cbbe5f31'...
46 error Permission denied (publickey).
46 error fatal: Could not read from remote repository.
46 error
46 error Please make sure you have the correct access rights
46 error and the repository exists.
47 error If you need help, you may report this error at:
47 error     <https://github.com/npm/npm/issues>
48 verbose exit [ 1, true ]
